{"/Users/cameronnorman/dev/finanzer/src/app.ts": {"path":"/Users/cameronnorman/dev/finanzer/src/app.ts","statementMap":{"0":{"start":{"line":1,"column":0},"end":{"line":1,"column":29}},"1":{"start":{"line":2,"column":0},"end":{"line":2,"column":27}},"2":{"start":{"line":3,"column":0},"end":{"line":3,"column":28}},"3":{"start":{"line":4,"column":0},"end":{"line":4,"column":37}},"4":{"start":{"line":5,"column":0},"end":{"line":5,"column":54}},"5":{"start":{"line":6,"column":0},"end":{"line":6,"column":51}},"6":{"start":{"line":8,"column":0},"end":{"line":8,"column":16}},"7":{"start":{"line":10,"column":33},"end":{"line":10,"column":42}},"8":{"start":{"line":11,"column":21},"end":{"line":11,"column":37}},"9":{"start":{"line":13,"column":0},"end":{"line":13,"column":24}},"10":{"start":{"line":14,"column":0},"end":{"line":14,"column":24}},"11":{"start":{"line":17,"column":0},"end":{"line":19,"column":3}},"12":{"start":{"line":18,"column":2},"end":{"line":18,"column":17}},"13":{"start":{"line":21,"column":0},"end":{"line":28,"column":3}},"14":{"start":{"line":22,"column":33},"end":{"line":22,"column":59}},"15":{"start":{"line":24,"column":4},"end":{"line":27,"column":null}},"16":{"start":{"line":26,"column":7},"end":{"line":26,"column":null}},"17":{"start":{"line":30,"column":0},"end":{"line":37,"column":3}},"18":{"start":{"line":31,"column":32},"end":{"line":31,"column":58}},"19":{"start":{"line":33,"column":2},"end":{"line":36,"column":null}},"20":{"start":{"line":35,"column":6},"end":{"line":35,"column":null}},"21":{"start":{"line":39,"column":15},"end":{"line":43,"column":2}},"22":{"start":{"line":40,"column":2},"end":{"line":40,"column":null}},"23":{"start":{"line":42,"column":2},"end":{"line":42,"column":51}},"24":{"start":{"line":45,"column":0},"end":{"line":45,"column":null}}},"fnMap":{"0":{"name":"(anonymous_1)","decl":{"start":{"line":17,"column":18},"end":{"line":17,"column":20}},"loc":{"start":{"line":17,"column":68},"end":{"line":19,"column":1}}},"1":{"name":"(anonymous_2)","decl":{"start":{"line":21,"column":25},"end":{"line":21,"column":26}},"loc":{"start":{"line":21,"column":73},"end":{"line":28,"column":1}}},"2":{"name":"(anonymous_3)","decl":{"start":{"line":25,"column":11},"end":{"line":25,"column":12}},"loc":{"start":{"line":25,"column":43},"end":{"line":27,"column":6}}},"3":{"name":"(anonymous_4)","decl":{"start":{"line":30,"column":26},"end":{"line":30,"column":27}},"loc":{"start":{"line":30,"column":74},"end":{"line":37,"column":1}}},"4":{"name":"(anonymous_5)","decl":{"start":{"line":34,"column":10},"end":{"line":34,"column":11}},"loc":{"start":{"line":34,"column":39},"end":{"line":36,"column":5}}},"5":{"name":"(anonymous_6)","decl":{"start":{"line":39,"column":32},"end":{"line":39,"column":35}},"loc":{"start":{"line":39,"column":37},"end":{"line":43,"column":1}}}},"branchMap":{},"s":{"0":1,"1":1,"2":1,"3":1,"4":1,"5":1,"6":1,"7":1,"8":1,"9":1,"10":1,"11":1,"12":0,"13":1,"14":1,"15":1,"16":1,"17":1,"18":0,"19":0,"20":0,"21":1,"22":1,"23":1,"24":1},"f":{"0":0,"1":1,"2":1,"3":0,"4":0,"5":1},"b":{}}
,"/Users/cameronnorman/dev/finanzer/src/connection.ts": {"path":"/Users/cameronnorman/dev/finanzer/src/connection.ts","statementMap":{"0":{"start":{"line":1,"column":0},"end":{"line":1,"column":73}},"1":{"start":{"line":3,"column":19},"end":{"line":37,"column":2}},"2":{"start":{"line":5,"column":4},"end":{"line":22,"column":null}},"3":{"start":{"line":26,"column":4},"end":{"line":26,"column":null}},"4":{"start":{"line":30,"column":21},"end":{"line":30,"column":52}},"5":{"start":{"line":32,"column":4},"end":{"line":35,"column":7}},"6":{"start":{"line":33,"column":25},"end":{"line":33,"column":51}},"7":{"start":{"line":34,"column":6},"end":{"line":34,"column":64}},"8":{"start":{"line":39,"column":0},"end":{"line":39,"column":26}}},"fnMap":{"0":{"name":"(anonymous_0)","decl":{"start":{"line":4,"column":2},"end":{"line":4,"column":7}},"loc":{"start":{"line":4,"column":52},"end":{"line":23,"column":3}}},"1":{"name":"(anonymous_1)","decl":{"start":{"line":25,"column":2},"end":{"line":25,"column":7}},"loc":{"start":{"line":25,"column":13},"end":{"line":27,"column":3}}},"2":{"name":"(anonymous_2)","decl":{"start":{"line":29,"column":2},"end":{"line":29,"column":7}},"loc":{"start":{"line":29,"column":13},"end":{"line":36,"column":3}}},"3":{"name":"(anonymous_3)","decl":{"start":{"line":32,"column":21},"end":{"line":32,"column":26}},"loc":{"start":{"line":32,"column":38},"end":{"line":35,"column":5}}}},"branchMap":{"0":{"loc":{"start":{"line":4,"column":32},"end":{"line":4,"column":52}},"type":"default-arg","locations":[{"start":{"line":4,"column":32},"end":{"line":4,"column":52}}]}},"s":{"0":1,"1":1,"2":2,"3":1,"4":0,"5":0,"6":0,"7":0,"8":1},"f":{"0":2,"1":1,"2":0,"3":0},"b":{"0":[1]}}
,"/Users/cameronnorman/dev/finanzer/src/entity/Transaction.ts": {"path":"/Users/cameronnorman/dev/finanzer/src/entity/Transaction.ts","statementMap":{"0":{"start":{"line":1,"column":0},"end":{"line":1,"column":65}},"1":{"start":{"line":4,"column":0},"end":{"line":10,"column":null}},"2":{"start":{"line":6,"column":2},"end":{"line":6,"column":null}},"3":{"start":{"line":9,"column":2},"end":{"line":9,"column":null}},"4":{"start":{"line":4,"column":13},"end":{"line":10,"column":null}},"5":{"start":{"line":4,"column":13},"end":{"line":4,"column":24}}},"fnMap":{},"branchMap":{},"s":{"0":1,"1":1,"2":1,"3":1,"4":1,"5":1},"f":{},"b":{}}
}
